24Y-09-16 16:21:04:214 - [32minfo[39m : [32mAplicação está funcionando na porta: 3000[39m
24Y-09-16 16:22:00:220 - [32minfo[39m : [32mAplicação está funcionando na porta: 3000[39m
24Y-09-16 16:22:05:225 - [32minfo[39m : [32mAplicação está funcionando na porta: 3000[39m
24Y-09-16 16:22:25:2225 - [32minfo[39m : [32mAplicação está funcionando na porta: 3000[39m
24Y-09-16 16:23:25:2325 - [32minfo[39m : [32mConectou ao banco de dados![39m
24Y-09-16 16:23:25:2325 - [32minfo[39m : [32mAplicação está funcionando na porta: 3000[39m
24Y-09-16 16:24:29:2429 - [32minfo[39m : [32mConectou ao banco de dados![39m
24Y-09-16 16:24:29:2429 - [32minfo[39m : [32mAplicação está funcionando na porta: 3000[39m
24Y-09-16 16:25:31:2531 - [32minfo[39m : [32mConectou ao banco de dados![39m
24Y-09-16 16:25:31:2531 - [32minfo[39m : [32mAplicação está funcionando na porta: 3000[39m
24Y-09-16 16:25:33:2533 - [32minfo[39m : [32mConectou ao banco de dados![39m
24Y-09-16 16:25:33:2533 - [32minfo[39m : [32mAplicação está funcionando na porta: 3000[39m
24Y-09-16 16:25:35:2535 - [32minfo[39m : [32mConectou ao banco de dados![39m
24Y-09-16 16:25:35:2535 - [32minfo[39m : [32mAplicação está funcionando na porta: 3000[39m
24Y-09-16 17:01:27:127 - [32minfo[39m : [32mConectou ao banco de dados![39m
24Y-09-16 17:01:27:127 - [32minfo[39m : [32mAplicação está funcionando na porta: 3000[39m
24Y-09-16 17:01:43:143 - [32minfo[39m : [32mConectou ao banco de dados![39m
24Y-09-16 17:01:43:143 - [32minfo[39m : [32mAplicação está funcionando na porta: 3000[39m
24Y-09-16 17:01:45:145 - [32minfo[39m : [32mConectou ao banco de dados![39m
24Y-09-16 17:01:45:145 - [32minfo[39m : [32mAplicação está funcionando na porta: 3000[39m
24Y-09-16 17:01:49:149 - [32minfo[39m : [32mConectou ao banco de dados![39m
24Y-09-16 17:01:49:149 - [32minfo[39m : [32mAplicação está funcionando na porta: 3000[39m
24Y-09-16 17:02:13:213 - [32minfo[39m : [32mConectou ao banco de dados![39m
24Y-09-16 17:02:13:213 - [32minfo[39m : [32mAplicação está funcionando na porta: 3000[39m
24Y-09-16 17:02:22:222 - [32minfo[39m : [32mConectou ao banco de dados![39m
24Y-09-16 17:02:22:222 - [32minfo[39m : [32mAplicação está funcionando na porta: 3000[39m
24Y-09-16 17:02:48:248 - [32minfo[39m : [32mConectou ao banco de dados![39m
24Y-09-16 17:02:48:248 - [32minfo[39m : [32mAplicação está funcionando na porta: 3000[39m
24Y-09-16 17:02:50:250 - [32minfo[39m : [32mConectou ao banco de dados![39m
24Y-09-16 17:02:50:250 - [32minfo[39m : [32mAplicação está funcionando na porta: 3000[39m
24Y-09-16 17:02:54:254 - [32minfo[39m : [32mConectou ao banco de dados![39m
24Y-09-16 17:02:54:254 - [32minfo[39m : [32mAplicação está funcionando na porta: 3000[39m
24Y-09-16 17:02:57:257 - [32minfo[39m : [32mConectou ao banco de dados![39m
24Y-09-16 17:02:57:257 - [32minfo[39m : [32mAplicação está funcionando na porta: 3000[39m
24Y-09-16 17:03:33:333 - [32minfo[39m : [32mConectou ao banco de dados![39m
24Y-09-16 17:03:33:333 - [32minfo[39m : [32mAplicação está funcionando na porta: 3000[39m
24Y-09-16 17:05:13:513 - [32minfo[39m : [32mConectou ao banco de dados![39m
24Y-09-16 17:05:13:513 - [32minfo[39m : [32mAplicação está funcionando na porta: 3000[39m
24Y-09-16 17:05:42:542 - [32minfo[39m : [32mConectou ao banco de dados![39m
24Y-09-16 17:05:42:542 - [32minfo[39m : [32mAplicação está funcionando na porta: 3000[39m
24Y-09-16 17:06:42:642 - [32minfo[39m : [32mConectou ao banco de dados![39m
24Y-09-16 17:06:42:642 - [32minfo[39m : [32mAplicação está funcionando na porta: 3000[39m
24Y-09-16 17:06:45:645 - [32minfo[39m : [32mConectou ao banco de dados![39m
24Y-09-16 17:06:45:645 - [32minfo[39m : [32mAplicação está funcionando na porta: 3000[39m
24Y-09-16 17:07:03:73 - [32minfo[39m : [32mConectou ao banco de dados![39m
24Y-09-16 17:07:03:73 - [32minfo[39m : [32mAplicação está funcionando na porta: 3000[39m
24Y-09-16 17:07:09:79 - [35mhttp[39m : [35mGET /api/test 200 12 - 2.323 ms[39m
[35m[39m
24Y-09-17 12:21:05:215 - [32minfo[39m : [32mConectou ao banco de dados![39m
24Y-09-17 12:21:05:215 - [32minfo[39m : [32mAplicação está funcionando na porta: 3000[39m
24Y-09-17 12:21:09:219 - [32minfo[39m : [32mConectou ao banco de dados![39m
24Y-09-17 12:21:09:219 - [32minfo[39m : [32mAplicação está funcionando na porta: 3000[39m
24Y-09-17 12:21:16:2116 - [32minfo[39m : [32mConectou ao banco de dados![39m
24Y-09-17 12:21:16:2116 - [32minfo[39m : [32mAplicação está funcionando na porta: 3000[39m
24Y-09-17 12:21:57:2157 - [32minfo[39m : [32mConectou ao banco de dados![39m
24Y-09-17 12:21:57:2157 - [32minfo[39m : [32mAplicação está funcionando na porta: 3000[39m
24Y-09-17 12:23:04:234 - [32minfo[39m : [32mConectou ao banco de dados![39m
24Y-09-17 12:23:04:234 - [32minfo[39m : [32mAplicação está funcionando na porta: 3000[39m
24Y-09-17 12:27:59:2759 - [32minfo[39m : [32mConectou ao banco de dados![39m
24Y-09-17 12:27:59:2759 - [32minfo[39m : [32mAplicação está funcionando na porta: 3000[39m
24Y-09-17 12:28:10:2810 - [32minfo[39m : [32mConectou ao banco de dados![39m
24Y-09-17 12:28:10:2810 - [32minfo[39m : [32mAplicação está funcionando na porta: 3000[39m
24Y-09-17 12:29:16:2916 - [35mhttp[39m : [35mPOST /api/movie 200 22 - 2.305 ms[39m
[35m[39m
24Y-09-17 12:30:33:3033 - [32minfo[39m : [32mConectou ao banco de dados![39m
24Y-09-17 12:30:33:3033 - [32minfo[39m : [32mAplicação está funcionando na porta: 3000[39m
24Y-09-17 12:30:55:3055 - [32minfo[39m : [32mConectou ao banco de dados![39m
24Y-09-17 12:30:55:3055 - [32minfo[39m : [32mAplicação está funcionando na porta: 3000[39m
24Y-09-17 12:31:35:3135 - [32minfo[39m : [32mConectou ao banco de dados![39m
24Y-09-17 12:31:35:3135 - [32minfo[39m : [32mAplicação está funcionando na porta: 3000[39m
24Y-09-17 12:31:38:3138 - [32minfo[39m : [32mConectou ao banco de dados![39m
24Y-09-17 12:31:38:3138 - [32minfo[39m : [32mAplicação está funcionando na porta: 3000[39m
24Y-09-17 12:32:20:3220 - [32minfo[39m : [32mConectou ao banco de dados![39m
24Y-09-17 12:32:20:3220 - [32minfo[39m : [32mAplicação está funcionando na porta: 3000[39m
24Y-09-17 12:32:26:3226 - [32minfo[39m : [32mConectou ao banco de dados![39m
24Y-09-17 12:32:26:3226 - [32minfo[39m : [32mAplicação está funcionando na porta: 3000[39m
24Y-09-17 12:32:28:3228 - [32minfo[39m : [32mConectou ao banco de dados![39m
24Y-09-17 12:32:28:3228 - [32minfo[39m : [32mAplicação está funcionando na porta: 3000[39m
24Y-09-17 12:32:59:3259 - [32minfo[39m : [32mConectou ao banco de dados![39m
24Y-09-17 12:32:59:3259 - [32minfo[39m : [32mAplicação está funcionando na porta: 3000[39m
24Y-09-17 12:33:05:335 - [32minfo[39m : [32mConectou ao banco de dados![39m
24Y-09-17 12:33:05:335 - [32minfo[39m : [32mAplicação está funcionando na porta: 3000[39m
24Y-09-17 12:33:07:337 - [32minfo[39m : [32mConectou ao banco de dados![39m
24Y-09-17 12:33:07:337 - [32minfo[39m : [32mAplicação está funcionando na porta: 3000[39m
24Y-09-17 12:33:11:3311 - [32minfo[39m : [32mConectou ao banco de dados![39m
24Y-09-17 12:33:11:3311 - [32minfo[39m : [32mAplicação está funcionando na porta: 3000[39m
24Y-09-17 12:33:18:3318 - [32minfo[39m : [32mConectou ao banco de dados![39m
24Y-09-17 12:33:18:3318 - [32minfo[39m : [32mAplicação está funcionando na porta: 3000[39m
24Y-09-17 12:33:21:3321 - [32minfo[39m : [32mConectou ao banco de dados![39m
24Y-09-17 12:33:21:3321 - [32minfo[39m : [32mAplicação está funcionando na porta: 3000[39m
24Y-09-17 12:33:27:3327 - [32minfo[39m : [32mConectou ao banco de dados![39m
24Y-09-17 12:33:27:3327 - [32minfo[39m : [32mAplicação está funcionando na porta: 3000[39m
24Y-09-17 12:34:06:346 - [32minfo[39m : [32mConectou ao banco de dados![39m
24Y-09-17 12:34:06:346 - [32minfo[39m : [32mAplicação está funcionando na porta: 3000[39m
24Y-09-17 12:34:10:3410 - [32minfo[39m : [32mConectou ao banco de dados![39m
24Y-09-17 12:34:10:3410 - [32minfo[39m : [32mAplicação está funcionando na porta: 3000[39m
24Y-09-17 12:34:18:3418 - [32minfo[39m : [32mConectou ao banco de dados![39m
24Y-09-17 12:34:18:3418 - [32minfo[39m : [32mAplicação está funcionando na porta: 3000[39m
24Y-09-17 12:34:27:3427 - [32minfo[39m : [32mConectou ao banco de dados![39m
24Y-09-17 12:34:27:3427 - [32minfo[39m : [32mAplicação está funcionando na porta: 3000[39m
24Y-09-17 12:34:30:3430 - [32minfo[39m : [32mConectou ao banco de dados![39m
24Y-09-17 12:34:30:3430 - [32minfo[39m : [32mAplicação está funcionando na porta: 3000[39m
24Y-09-17 12:34:42:3442 - [32minfo[39m : [32mConectou ao banco de dados![39m
24Y-09-17 12:34:42:3442 - [32minfo[39m : [32mAplicação está funcionando na porta: 3000[39m
24Y-09-17 12:34:50:3450 - [32minfo[39m : [32mConectou ao banco de dados![39m
24Y-09-17 12:34:50:3450 - [32minfo[39m : [32mAplicação está funcionando na porta: 3000[39m
24Y-09-17 12:34:59:3459 - [32minfo[39m : [32mConectou ao banco de dados![39m
24Y-09-17 12:34:59:3459 - [32minfo[39m : [32mAplicação está funcionando na porta: 3000[39m
24Y-09-17 12:35:04:354 - [32minfo[39m : [32mConectou ao banco de dados![39m
24Y-09-17 12:35:04:354 - [32minfo[39m : [32mAplicação está funcionando na porta: 3000[39m
24Y-09-17 12:35:34:3534 - [32minfo[39m : [32mConectou ao banco de dados![39m
24Y-09-17 12:35:34:3534 - [32minfo[39m : [32mAplicação está funcionando na porta: 3000[39m
24Y-09-17 12:36:49:3649 - [35mhttp[39m : [35mPOST /api/movie 201 156 - 53.258 ms[39m
[35m[39m
24Y-09-17 14:32:54:3254 - [32minfo[39m : [32mConectou ao banco de dados![39m
24Y-09-17 14:32:54:3254 - [32minfo[39m : [32mAplicação está funcionando na porta: 3000[39m
24Y-09-17 14:32:58:3258 - [32minfo[39m : [32mConectou ao banco de dados![39m
24Y-09-17 14:32:58:3258 - [32minfo[39m : [32mAplicação está funcionando na porta: 3000[39m
24Y-09-17 14:33:02:332 - [32minfo[39m : [32mConectou ao banco de dados![39m
24Y-09-17 14:33:02:332 - [32minfo[39m : [32mAplicação está funcionando na porta: 3000[39m
24Y-09-17 14:33:05:335 - [32minfo[39m : [32mConectou ao banco de dados![39m
24Y-09-17 14:33:05:335 - [32minfo[39m : [32mAplicação está funcionando na porta: 3000[39m
24Y-09-17 14:33:26:3326 - [32minfo[39m : [32mConectou ao banco de dados![39m
24Y-09-17 14:33:26:3326 - [32minfo[39m : [32mAplicação está funcionando na porta: 3000[39m
24Y-09-17 14:33:27:3327 - [32minfo[39m : [32mConectou ao banco de dados![39m
24Y-09-17 14:33:27:3327 - [32minfo[39m : [32mAplicação está funcionando na porta: 3000[39m
24Y-09-17 14:33:34:3334 - [32minfo[39m : [32mConectou ao banco de dados![39m
24Y-09-17 14:33:34:3334 - [32minfo[39m : [32mAplicação está funcionando na porta: 3000[39m
24Y-09-17 14:33:36:3336 - [32minfo[39m : [32mConectou ao banco de dados![39m
24Y-09-17 14:33:36:3336 - [32minfo[39m : [32mAplicação está funcionando na porta: 3000[39m
24Y-09-17 14:33:41:3341 - [32minfo[39m : [32mConectou ao banco de dados![39m
24Y-09-17 14:33:41:3341 - [32minfo[39m : [32mAplicação está funcionando na porta: 3000[39m
24Y-09-17 14:33:56:3356 - [32minfo[39m : [32mConectou ao banco de dados![39m
24Y-09-17 14:33:56:3356 - [32minfo[39m : [32mAplicação está funcionando na porta: 3000[39m
24Y-09-17 14:34:53:3453 - [32minfo[39m : [32mConectou ao banco de dados![39m
24Y-09-17 14:34:53:3453 - [32minfo[39m : [32mAplicação está funcionando na porta: 3000[39m
24Y-09-17 14:35:42:3542 - [35mhttp[39m : [35mPOST /api/movie 201 152 - 59.214 ms[39m
[35m[39m
24Y-09-17 14:47:09:479 - [32minfo[39m : [32mConectou ao banco de dados![39m
24Y-09-17 14:47:09:479 - [32minfo[39m : [32mAplicação está funcionando na porta: 3000[39m
24Y-09-17 14:47:41:4741 - [35mhttp[39m : [35mPOST /api/movie 422 187 - 7.922 ms[39m
[35m[39m
24Y-09-17 14:50:36:5036 - [35mhttp[39m : [35mPOST /api/movie 422 144 - 2.900 ms[39m
[35m[39m
24Y-09-17 14:51:41:5141 - [35mhttp[39m : [35mPOST /api/movie 422 144 - 1.588 ms[39m
[35m[39m
24Y-09-17 14:53:40:5340 - [35mhttp[39m : [35mPOST /api/movie 422 186 - 2.633 ms[39m
[35m[39m
24Y-09-17 14:55:25:5525 - [35mhttp[39m : [35mPOST /api/movie 422 101 - 1.149 ms[39m
[35m[39m
24Y-09-17 15:03:37:337 - [35mhttp[39m : [35mPOST /api/movie 201 343 - 63.646 ms[39m
[35m[39m
24Y-09-17 15:04:11:411 - [32minfo[39m : [32mConectou ao banco de dados![39m
24Y-09-17 15:04:11:411 - [32minfo[39m : [32mAplicação está funcionando na porta: 3000[39m
24Y-09-17 15:04:13:413 - [32minfo[39m : [32mConectou ao banco de dados![39m
24Y-09-17 15:04:13:413 - [32minfo[39m : [32mAplicação está funcionando na porta: 3000[39m
24Y-09-17 15:17:46:1746 - [32minfo[39m : [32mConectou ao banco de dados![39m
24Y-09-17 15:17:46:1746 - [32minfo[39m : [32mAplicação está funcionando na porta: 3000[39m
24Y-09-17 15:18:07:187 - [32minfo[39m : [32mConectou ao banco de dados![39m
24Y-09-17 15:18:07:187 - [32minfo[39m : [32mAplicação está funcionando na porta: 3000[39m
24Y-09-17 15:18:14:1814 - [32minfo[39m : [32mConectou ao banco de dados![39m
24Y-09-17 15:18:14:1814 - [32minfo[39m : [32mAplicação está funcionando na porta: 3000[39m
24Y-09-17 15:18:21:1821 - [32minfo[39m : [32mConectou ao banco de dados![39m
24Y-09-17 15:18:21:1821 - [32minfo[39m : [32mAplicação está funcionando na porta: 3000[39m
24Y-09-17 15:18:26:1826 - [32minfo[39m : [32mConectou ao banco de dados![39m
24Y-09-17 15:18:26:1826 - [32minfo[39m : [32mAplicação está funcionando na porta: 3000[39m
24Y-09-17 15:18:57:1857 - [32minfo[39m : [32mConectou ao banco de dados![39m
24Y-09-17 15:18:57:1857 - [32minfo[39m : [32mAplicação está funcionando na porta: 3000[39m
24Y-09-17 15:19:25:1925 - [32minfo[39m : [32mConectou ao banco de dados![39m
24Y-09-17 15:19:25:1925 - [32minfo[39m : [32mAplicação está funcionando na porta: 3000[39m
24Y-09-17 15:20:07:207 - [32minfo[39m : [32mConectou ao banco de dados![39m
24Y-09-17 15:20:07:207 - [32minfo[39m : [32mAplicação está funcionando na porta: 3000[39m
24Y-09-17 15:20:11:2011 - [32minfo[39m : [32mConectou ao banco de dados![39m
24Y-09-17 15:20:11:2011 - [32minfo[39m : [32mAplicação está funcionando na porta: 3000[39m
24Y-09-17 15:21:03:213 - [32minfo[39m : [32mConectou ao banco de dados![39m
24Y-09-17 15:21:03:213 - [32minfo[39m : [32mAplicação está funcionando na porta: 3000[39m
24Y-09-17 15:21:04:214 - [32minfo[39m : [32mConectou ao banco de dados![39m
24Y-09-17 15:21:04:214 - [32minfo[39m : [32mAplicação está funcionando na porta: 3000[39m
24Y-09-17 15:21:07:217 - [32minfo[39m : [32mConectou ao banco de dados![39m
24Y-09-17 15:21:07:217 - [32minfo[39m : [32mAplicação está funcionando na porta: 3000[39m
24Y-09-17 15:21:09:219 - [32minfo[39m : [32mConectou ao banco de dados![39m
24Y-09-17 15:21:09:219 - [32minfo[39m : [32mAplicação está funcionando na porta: 3000[39m
24Y-09-17 15:21:22:2122 - [32minfo[39m : [32mConectou ao banco de dados![39m
24Y-09-17 15:21:22:2122 - [32minfo[39m : [32mAplicação está funcionando na porta: 3000[39m
24Y-09-17 15:21:26:2126 - [32minfo[39m : [32mConectou ao banco de dados![39m
24Y-09-17 15:21:26:2126 - [32minfo[39m : [32mAplicação está funcionando na porta: 3000[39m
24Y-09-17 15:21:40:2140 - [32minfo[39m : [32mConectou ao banco de dados![39m
24Y-09-17 15:21:40:2140 - [32minfo[39m : [32mAplicação está funcionando na porta: 3000[39m
24Y-09-17 15:21:42:2142 - [32minfo[39m : [32mConectou ao banco de dados![39m
24Y-09-17 15:21:42:2142 - [32minfo[39m : [32mAplicação está funcionando na porta: 3000[39m
24Y-09-17 15:22:14:2214 - [32minfo[39m : [32mConectou ao banco de dados![39m
24Y-09-17 15:22:14:2214 - [32minfo[39m : [32mAplicação está funcionando na porta: 3000[39m
24Y-09-17 15:22:16:2216 - [32minfo[39m : [32mConectou ao banco de dados![39m
24Y-09-17 15:22:16:2216 - [32minfo[39m : [32mAplicação está funcionando na porta: 3000[39m
24Y-09-17 15:22:22:2222 - [32minfo[39m : [32mConectou ao banco de dados![39m
24Y-09-17 15:22:22:2222 - [32minfo[39m : [32mAplicação está funcionando na porta: 3000[39m
24Y-09-17 15:22:25:2225 - [32minfo[39m : [32mConectou ao banco de dados![39m
24Y-09-17 15:22:25:2225 - [32minfo[39m : [32mAplicação está funcionando na porta: 3000[39m
24Y-09-17 15:22:29:2229 - [32minfo[39m : [32mConectou ao banco de dados![39m
24Y-09-17 15:22:29:2229 - [32minfo[39m : [32mAplicação está funcionando na porta: 3000[39m
24Y-09-17 15:22:38:2238 - [32minfo[39m : [32mConectou ao banco de dados![39m
24Y-09-17 15:22:38:2238 - [32minfo[39m : [32mAplicação está funcionando na porta: 3000[39m
24Y-09-17 15:22:44:2244 - [32minfo[39m : [32mConectou ao banco de dados![39m
24Y-09-17 15:22:44:2244 - [32minfo[39m : [32mAplicação está funcionando na porta: 3000[39m
24Y-09-17 15:23:44:2344 - [32minfo[39m : [32mConectou ao banco de dados![39m
24Y-09-17 15:23:44:2344 - [32minfo[39m : [32mAplicação está funcionando na porta: 3000[39m
24Y-09-17 15:23:49:2349 - [32minfo[39m : [32mConectou ao banco de dados![39m
24Y-09-17 15:23:49:2349 - [32minfo[39m : [32mAplicação está funcionando na porta: 3000[39m
24Y-09-17 15:23:54:2354 - [32minfo[39m : [32mConectou ao banco de dados![39m
24Y-09-17 15:23:54:2354 - [32minfo[39m : [32mAplicação está funcionando na porta: 3000[39m
24Y-09-17 15:24:11:2411 - [32minfo[39m : [32mConectou ao banco de dados![39m
24Y-09-17 15:24:11:2411 - [32minfo[39m : [32mAplicação está funcionando na porta: 3000[39m
24Y-09-17 15:25:59:2559 - [31merror[39m : [31mErro no sistema: Cast to ObjectId failed for value "1" (type string) at path "_id" for model "Movie"[39m
24Y-09-17 15:26:08:268 - [35mhttp[39m : [35mGET /api/movie/1 - - - - ms[39m
[35m[39m
24Y-09-17 15:26:39:2639 - [32minfo[39m : [32mConectou ao banco de dados![39m
24Y-09-17 15:26:39:2639 - [32minfo[39m : [32mAplicação está funcionando na porta: 3000[39m
24Y-09-17 15:27:42:2742 - [32minfo[39m : [32mConectou ao banco de dados![39m
24Y-09-17 15:27:42:2742 - [32minfo[39m : [32mAplicação está funcionando na porta: 3000[39m
24Y-09-17 15:28:39:2839 - [32minfo[39m : [32mConectou ao banco de dados![39m
24Y-09-17 15:28:39:2839 - [32minfo[39m : [32mAplicação está funcionando na porta: 3000[39m
24Y-09-17 15:28:41:2841 - [32minfo[39m : [32mConectou ao banco de dados![39m
24Y-09-17 15:28:41:2841 - [32minfo[39m : [32mAplicação está funcionando na porta: 3000[39m
24Y-09-17 15:28:44:2844 - [32minfo[39m : [32mConectou ao banco de dados![39m
24Y-09-17 15:28:44:2844 - [32minfo[39m : [32mAplicação está funcionando na porta: 3000[39m
24Y-09-17 15:28:52:2852 - [32minfo[39m : [32mConectou ao banco de dados![39m
24Y-09-17 15:28:52:2852 - [32minfo[39m : [32mAplicação está funcionando na porta: 3000[39m
24Y-09-17 15:28:57:2857 - [32minfo[39m : [32mConectou ao banco de dados![39m
24Y-09-17 15:28:57:2857 - [32minfo[39m : [32mAplicação está funcionando na porta: 3000[39m
24Y-09-17 15:29:03:293 - [32minfo[39m : [32mConectou ao banco de dados![39m
24Y-09-17 15:29:03:293 - [32minfo[39m : [32mAplicação está funcionando na porta: 3000[39m
24Y-09-17 15:30:28:3028 - [32minfo[39m : [32mConectou ao banco de dados![39m
24Y-09-17 15:30:28:3028 - [32minfo[39m : [32mAplicação está funcionando na porta: 3000[39m
24Y-09-17 15:30:38:3038 - [32minfo[39m : [32mConectou ao banco de dados![39m
24Y-09-17 15:30:38:3038 - [32minfo[39m : [32mAplicação está funcionando na porta: 3000[39m
24Y-09-17 15:31:15:3115 - [31merror[39m : [31mErro no sistema: Cast to ObjectId failed for value "1" (type string) at path "_id" for model "Movie"[39m
24Y-09-17 15:32:26:3226 - [35mhttp[39m : [35mGET /api/movie/1 - - - - ms[39m
[35m[39m
24Y-09-17 15:35:37:3537 - [32minfo[39m : [32mConectou ao banco de dados![39m
24Y-09-17 15:35:37:3537 - [32minfo[39m : [32mAplicação está funcionando na porta: 3000[39m
24Y-09-17 15:35:51:3551 - [35mhttp[39m : [35mGET /api/movie/66e9c4791b8c1093cfb7c51d 200 368 - 43.156 ms[39m
[35m[39m
24Y-09-17 15:35:58:3558 - [35mhttp[39m : [35mGET /api/movie/66e9c4791b8c1093cfb7c51e 404 32 - 29.002 ms[39m
[35m[39m
24Y-09-19 10:54:52:5452 - [32minfo[39m : [32mConectou ao banco de dados![39m
24Y-09-19 10:54:52:5452 - [32minfo[39m : [32mAplicação está funcionando na porta: 3000[39m
24Y-09-19 10:55:22:5522 - [32minfo[39m : [32mConectou ao banco de dados![39m
24Y-09-19 10:55:22:5522 - [32minfo[39m : [32mAplicação está funcionando na porta: 3000[39m
24Y-09-19 10:55:38:5538 - [32minfo[39m : [32mConectou ao banco de dados![39m
24Y-09-19 10:55:38:5538 - [32minfo[39m : [32mAplicação está funcionando na porta: 3000[39m
24Y-09-19 10:55:42:5542 - [32minfo[39m : [32mConectou ao banco de dados![39m
24Y-09-19 10:55:42:5542 - [32minfo[39m : [32mAplicação está funcionando na porta: 3000[39m
24Y-09-19 10:55:47:5547 - [32minfo[39m : [32mConectou ao banco de dados![39m
24Y-09-19 10:55:47:5547 - [32minfo[39m : [32mAplicação está funcionando na porta: 3000[39m
24Y-09-19 10:56:18:5618 - [32minfo[39m : [32mConectou ao banco de dados![39m
24Y-09-19 10:56:18:5618 - [32minfo[39m : [32mAplicação está funcionando na porta: 3000[39m
24Y-09-19 10:57:24:5724 - [32minfo[39m : [32mConectou ao banco de dados![39m
24Y-09-19 10:57:24:5724 - [32minfo[39m : [32mAplicação está funcionando na porta: 3000[39m
24Y-09-19 10:57:27:5727 - [32minfo[39m : [32mConectou ao banco de dados![39m
24Y-09-19 10:57:27:5727 - [32minfo[39m : [32mAplicação está funcionando na porta: 3000[39m
24Y-09-19 10:57:51:5751 - [32minfo[39m : [32mConectou ao banco de dados![39m
24Y-09-19 10:57:51:5751 - [32minfo[39m : [32mAplicação está funcionando na porta: 3000[39m
24Y-09-19 10:58:01:581 - [32minfo[39m : [32mConectou ao banco de dados![39m
24Y-09-19 10:58:01:581 - [32minfo[39m : [32mAplicação está funcionando na porta: 3000[39m
24Y-09-19 10:58:05:585 - [32minfo[39m : [32mConectou ao banco de dados![39m
24Y-09-19 10:58:05:585 - [32minfo[39m : [32mAplicação está funcionando na porta: 3000[39m
24Y-09-19 10:58:06:586 - [32minfo[39m : [32mConectou ao banco de dados![39m
24Y-09-19 10:58:06:586 - [32minfo[39m : [32mAplicação está funcionando na porta: 3000[39m
24Y-09-19 10:58:11:5811 - [32minfo[39m : [32mConectou ao banco de dados![39m
24Y-09-19 10:58:11:5811 - [32minfo[39m : [32mAplicação está funcionando na porta: 3000[39m
24Y-09-19 10:58:17:5817 - [32minfo[39m : [32mConectou ao banco de dados![39m
24Y-09-19 10:58:17:5817 - [32minfo[39m : [32mAplicação está funcionando na porta: 3000[39m
24Y-09-19 11:01:45:145 - [32minfo[39m : [32mConectou ao banco de dados![39m
24Y-09-19 11:01:45:145 - [32minfo[39m : [32mAplicação está funcionando na porta: 3000[39m
24Y-09-19 11:01:54:154 - [32minfo[39m : [32mConectou ao banco de dados![39m
24Y-09-19 11:01:54:154 - [32minfo[39m : [32mAplicação está funcionando na porta: 3000[39m
24Y-09-19 11:01:58:158 - [32minfo[39m : [32mConectou ao banco de dados![39m
24Y-09-19 11:01:58:158 - [32minfo[39m : [32mAplicação está funcionando na porta: 3000[39m
24Y-09-19 11:02:02:22 - [32minfo[39m : [32mConectou ao banco de dados![39m
24Y-09-19 11:02:02:22 - [32minfo[39m : [32mAplicação está funcionando na porta: 3000[39m
24Y-09-19 11:02:07:27 - [32minfo[39m : [32mConectou ao banco de dados![39m
24Y-09-19 11:02:07:27 - [32minfo[39m : [32mAplicação está funcionando na porta: 3000[39m
24Y-09-19 11:02:44:244 - [32minfo[39m : [32mConectou ao banco de dados![39m
24Y-09-19 11:02:44:244 - [32minfo[39m : [32mAplicação está funcionando na porta: 3000[39m
24Y-09-19 11:03:18:318 - [32minfo[39m : [32mConectou ao banco de dados![39m
24Y-09-19 11:03:18:318 - [32minfo[39m : [32mAplicação está funcionando na porta: 3000[39m
24Y-09-19 11:06:39:639 - [35mhttp[39m : [35mGET /api/movie 200 678 - 62.974 ms[39m
[35m[39m
24Y-09-19 11:08:36:836 - [32minfo[39m : [32mConectou ao banco de dados![39m
24Y-09-19 11:08:36:836 - [32minfo[39m : [32mAplicação está funcionando na porta: 3000[39m
24Y-09-19 11:08:54:854 - [32minfo[39m : [32mConectou ao banco de dados![39m
24Y-09-19 11:08:54:854 - [32minfo[39m : [32mAplicação está funcionando na porta: 3000[39m
24Y-09-19 11:09:05:95 - [32minfo[39m : [32mConectou ao banco de dados![39m
24Y-09-19 11:09:05:95 - [32minfo[39m : [32mAplicação está funcionando na porta: 3000[39m
24Y-09-19 11:09:12:912 - [32minfo[39m : [32mConectou ao banco de dados![39m
24Y-09-19 11:09:12:912 - [32minfo[39m : [32mAplicação está funcionando na porta: 3000[39m
24Y-09-19 11:09:14:914 - [32minfo[39m : [32mConectou ao banco de dados![39m
24Y-09-19 11:09:14:914 - [32minfo[39m : [32mAplicação está funcionando na porta: 3000[39m
24Y-09-19 11:09:21:921 - [32minfo[39m : [32mConectou ao banco de dados![39m
24Y-09-19 11:09:21:921 - [32minfo[39m : [32mAplicação está funcionando na porta: 3000[39m
24Y-09-19 11:09:27:927 - [32minfo[39m : [32mConectou ao banco de dados![39m
24Y-09-19 11:09:27:927 - [32minfo[39m : [32mAplicação está funcionando na porta: 3000[39m
24Y-09-19 11:09:36:936 - [32minfo[39m : [32mConectou ao banco de dados![39m
24Y-09-19 11:09:36:936 - [32minfo[39m : [32mAplicação está funcionando na porta: 3000[39m
24Y-09-19 11:09:39:939 - [32minfo[39m : [32mConectou ao banco de dados![39m
24Y-09-19 11:09:39:939 - [32minfo[39m : [32mAplicação está funcionando na porta: 3000[39m
24Y-09-19 11:10:32:1032 - [32minfo[39m : [32mConectou ao banco de dados![39m
24Y-09-19 11:10:32:1032 - [32minfo[39m : [32mAplicação está funcionando na porta: 3000[39m
24Y-09-19 11:10:34:1034 - [32minfo[39m : [32mConectou ao banco de dados![39m
24Y-09-19 11:10:34:1034 - [32minfo[39m : [32mAplicação está funcionando na porta: 3000[39m
24Y-09-19 11:10:38:1038 - [32minfo[39m : [32mConectou ao banco de dados![39m
24Y-09-19 11:10:38:1038 - [32minfo[39m : [32mAplicação está funcionando na porta: 3000[39m
24Y-09-19 11:10:44:1044 - [32minfo[39m : [32mConectou ao banco de dados![39m
24Y-09-19 11:10:44:1044 - [32minfo[39m : [32mAplicação está funcionando na porta: 3000[39m
24Y-09-19 11:11:28:1128 - [32minfo[39m : [32mConectou ao banco de dados![39m
24Y-09-19 11:11:28:1128 - [32minfo[39m : [32mAplicação está funcionando na porta: 3000[39m
24Y-09-19 11:11:54:1154 - [32minfo[39m : [32mConectou ao banco de dados![39m
24Y-09-19 11:11:54:1154 - [32minfo[39m : [32mAplicação está funcionando na porta: 3000[39m
24Y-09-19 11:11:59:1159 - [32minfo[39m : [32mConectou ao banco de dados![39m
24Y-09-19 11:11:59:1159 - [32minfo[39m : [32mAplicação está funcionando na porta: 3000[39m
24Y-09-19 11:12:02:122 - [32minfo[39m : [32mConectou ao banco de dados![39m
24Y-09-19 11:12:02:122 - [32minfo[39m : [32mAplicação está funcionando na porta: 3000[39m
24Y-09-19 11:12:55:1255 - [32minfo[39m : [32mConectou ao banco de dados![39m
24Y-09-19 11:12:55:1255 - [32minfo[39m : [32mAplicação está funcionando na porta: 3000[39m
24Y-09-19 11:12:58:1258 - [32minfo[39m : [32mConectou ao banco de dados![39m
24Y-09-19 11:12:58:1258 - [32minfo[39m : [32mAplicação está funcionando na porta: 3000[39m
24Y-09-19 11:13:10:1310 - [32minfo[39m : [32mConectou ao banco de dados![39m
24Y-09-19 11:13:10:1310 - [32minfo[39m : [32mAplicação está funcionando na porta: 3000[39m
24Y-09-19 11:13:14:1314 - [32minfo[39m : [32mConectou ao banco de dados![39m
24Y-09-19 11:13:14:1314 - [32minfo[39m : [32mAplicação está funcionando na porta: 3000[39m
24Y-09-19 11:13:21:1321 - [32minfo[39m : [32mConectou ao banco de dados![39m
24Y-09-19 11:13:21:1321 - [32minfo[39m : [32mAplicação está funcionando na porta: 3000[39m
24Y-09-19 11:13:23:1323 - [32minfo[39m : [32mConectou ao banco de dados![39m
24Y-09-19 11:13:23:1323 - [32minfo[39m : [32mAplicação está funcionando na porta: 3000[39m
24Y-09-19 11:13:26:1326 - [32minfo[39m : [32mConectou ao banco de dados![39m
24Y-09-19 11:13:26:1326 - [32minfo[39m : [32mAplicação está funcionando na porta: 3000[39m
24Y-09-19 11:13:51:1351 - [32minfo[39m : [32mConectou ao banco de dados![39m
24Y-09-19 11:13:51:1351 - [32minfo[39m : [32mAplicação está funcionando na porta: 3000[39m
24Y-09-19 11:14:08:148 - [32minfo[39m : [32mConectou ao banco de dados![39m
24Y-09-19 11:14:08:148 - [32minfo[39m : [32mAplicação está funcionando na porta: 3000[39m
24Y-09-19 11:14:17:1417 - [32minfo[39m : [32mConectou ao banco de dados![39m
24Y-09-19 11:14:17:1417 - [32minfo[39m : [32mAplicação está funcionando na porta: 3000[39m
24Y-09-19 11:14:19:1419 - [32minfo[39m : [32mConectou ao banco de dados![39m
24Y-09-19 11:14:19:1419 - [32minfo[39m : [32mAplicação está funcionando na porta: 3000[39m
24Y-09-19 11:14:27:1427 - [32minfo[39m : [32mConectou ao banco de dados![39m
24Y-09-19 11:14:27:1427 - [32minfo[39m : [32mAplicação está funcionando na porta: 3000[39m
24Y-09-19 11:14:29:1429 - [32minfo[39m : [32mConectou ao banco de dados![39m
24Y-09-19 11:14:29:1429 - [32minfo[39m : [32mAplicação está funcionando na porta: 3000[39m
24Y-09-19 11:14:41:1441 - [32minfo[39m : [32mConectou ao banco de dados![39m
24Y-09-19 11:14:41:1441 - [32minfo[39m : [32mAplicação está funcionando na porta: 3000[39m
24Y-09-19 11:14:43:1443 - [32minfo[39m : [32mConectou ao banco de dados![39m
24Y-09-19 11:14:43:1443 - [32minfo[39m : [32mAplicação está funcionando na porta: 3000[39m
24Y-09-19 11:14:49:1449 - [32minfo[39m : [32mConectou ao banco de dados![39m
24Y-09-19 11:14:49:1449 - [32minfo[39m : [32mAplicação está funcionando na porta: 3000[39m
24Y-09-19 11:15:08:158 - [32minfo[39m : [32mConectou ao banco de dados![39m
24Y-09-19 11:15:08:158 - [32minfo[39m : [32mAplicação está funcionando na porta: 3000[39m
24Y-09-19 11:15:21:1521 - [32minfo[39m : [32mConectou ao banco de dados![39m
24Y-09-19 11:15:21:1521 - [32minfo[39m : [32mAplicação está funcionando na porta: 3000[39m
24Y-09-19 11:15:24:1524 - [32minfo[39m : [32mConectou ao banco de dados![39m
24Y-09-19 11:15:24:1524 - [32minfo[39m : [32mAplicação está funcionando na porta: 3000[39m
24Y-09-19 11:15:27:1527 - [32minfo[39m : [32mConectou ao banco de dados![39m
24Y-09-19 11:15:27:1527 - [32minfo[39m : [32mAplicação está funcionando na porta: 3000[39m
24Y-09-19 11:15:52:1552 - [32minfo[39m : [32mConectou ao banco de dados![39m
24Y-09-19 11:15:52:1552 - [32minfo[39m : [32mAplicação está funcionando na porta: 3000[39m
24Y-09-19 11:17:43:1743 - [35mhttp[39m : [35mDELETE /api/movie/6e9bdeed1727458614bba34 404 175 - 3.249 ms[39m
[35m[39m
24Y-09-19 11:18:09:189 - [35mhttp[39m : [35mDELETE /api/movie/6e9bdeed1727458614bba34 404 175 - 1.595 ms[39m
[35m[39m
24Y-09-19 11:18:38:1838 - [32minfo[39m : [32mConectou ao banco de dados![39m
24Y-09-19 11:18:38:1838 - [32minfo[39m : [32mAplicação está funcionando na porta: 3000[39m
24Y-09-19 11:18:49:1849 - [32minfo[39m : [32mConectou ao banco de dados![39m
24Y-09-19 11:18:49:1849 - [32minfo[39m : [32mAplicação está funcionando na porta: 3000[39m
24Y-09-19 11:18:53:1853 - [35mhttp[39m : [35mDELETE /api/movie/6e9bdeed1727458614bba34 404 175 - 4.800 ms[39m
[35m[39m
24Y-09-19 11:18:55:1855 - [35mhttp[39m : [35mDELETE /api/movie/6e9bdeed1727458614bba34 404 175 - 2.002 ms[39m
[35m[39m
24Y-09-19 11:20:14:2014 - [32minfo[39m : [32mConectou ao banco de dados![39m
24Y-09-19 11:20:14:2014 - [32minfo[39m : [32mAplicação está funcionando na porta: 3000[39m
24Y-09-19 11:20:18:2018 - [32minfo[39m : [32mConectou ao banco de dados![39m
24Y-09-19 11:20:18:2018 - [32minfo[39m : [32mAplicação está funcionando na porta: 3000[39m
24Y-09-19 11:20:20:2020 - [32minfo[39m : [32mConectou ao banco de dados![39m
24Y-09-19 11:20:20:2020 - [32minfo[39m : [32mAplicação está funcionando na porta: 3000[39m
24Y-09-19 11:20:38:2038 - [32minfo[39m : [32mConectou ao banco de dados![39m
24Y-09-19 11:20:38:2038 - [32minfo[39m : [32mAplicação está funcionando na porta: 3000[39m
24Y-09-19 11:21:21:2121 - [32minfo[39m : [32mConectou ao banco de dados![39m
24Y-09-19 11:21:21:2121 - [32minfo[39m : [32mAplicação está funcionando na porta: 3000[39m
24Y-09-19 11:21:30:2130 - [35mhttp[39m : [35mDELETE /api/movie/6e9bdeed1727458614bba34 404 175 - 3.486 ms[39m
[35m[39m
24Y-09-19 11:22:33:2233 - [32minfo[39m : [32mConectou ao banco de dados![39m
24Y-09-19 11:22:33:2233 - [32minfo[39m : [32mAplicação está funcionando na porta: 3000[39m
24Y-09-19 11:22:42:2242 - [32minfo[39m : [32mConectou ao banco de dados![39m
24Y-09-19 11:22:42:2242 - [32minfo[39m : [32mAplicação está funcionando na porta: 3000[39m
24Y-09-19 11:25:55:2555 - [32minfo[39m : [32mConectou ao banco de dados![39m
24Y-09-19 11:25:55:2555 - [32minfo[39m : [32mAplicação está funcionando na porta: 3000[39m
24Y-09-19 11:26:54:2654 - [35mhttp[39m : [35mDELETE /api/movie/6e9bdeed1727458614bba3a 404 175 - 4.627 ms[39m
[35m[39m
24Y-09-19 11:27:33:2733 - [32minfo[39m : [32mConectou ao banco de dados![39m
24Y-09-19 11:27:33:2733 - [32minfo[39m : [32mAplicação está funcionando na porta: 3000[39m
24Y-09-19 11:27:41:2741 - [31merror[39m : [31mErro no sistema: Cast to ObjectId failed for value "6e9bdeed1727458614bba3a" (type string) at path "_id" for model "Movie"[39m
24Y-09-19 11:27:41:2741 - [35mhttp[39m : [35mDELETE /api/movie/6e9bdeed1727458614bba3a 500 39 - 23.526 ms[39m
[35m[39m
24Y-09-19 11:28:28:2828 - [32minfo[39m : [32mConectou ao banco de dados![39m
24Y-09-19 11:28:28:2828 - [32minfo[39m : [32mAplicação está funcionando na porta: 3000[39m
24Y-09-19 11:28:44:2844 - [32minfo[39m : [32mConectou ao banco de dados![39m
24Y-09-19 11:28:44:2844 - [32minfo[39m : [32mAplicação está funcionando na porta: 3000[39m
24Y-09-19 11:28:46:2846 - [32minfo[39m : [32mConectou ao banco de dados![39m
24Y-09-19 11:28:46:2846 - [32minfo[39m : [32mAplicação está funcionando na porta: 3000[39m
24Y-09-19 11:28:57:2857 - [32minfo[39m : [32mConectou ao banco de dados![39m
24Y-09-19 11:28:57:2857 - [32minfo[39m : [32mAplicação está funcionando na porta: 3000[39m
24Y-09-19 11:29:04:294 - [32minfo[39m : [32mConectou ao banco de dados![39m
24Y-09-19 11:29:04:294 - [32minfo[39m : [32mAplicação está funcionando na porta: 3000[39m
24Y-09-19 11:29:16:2916 - [32minfo[39m : [32mConectou ao banco de dados![39m
24Y-09-19 11:29:16:2916 - [32minfo[39m : [32mAplicação está funcionando na porta: 3000[39m
24Y-09-19 11:29:25:2925 - [32minfo[39m : [32mConectou ao banco de dados![39m
24Y-09-19 11:29:25:2925 - [32minfo[39m : [32mAplicação está funcionando na porta: 3000[39m
24Y-09-19 11:29:26:2926 - [32minfo[39m : [32mConectou ao banco de dados![39m
24Y-09-19 11:29:26:2926 - [32minfo[39m : [32mAplicação está funcionando na porta: 3000[39m
24Y-09-19 11:29:48:2948 - [32minfo[39m : [32mConectou ao banco de dados![39m
24Y-09-19 11:29:48:2948 - [32minfo[39m : [32mAplicação está funcionando na porta: 3000[39m
24Y-09-19 11:30:05:305 - [32minfo[39m : [32mConectou ao banco de dados![39m
24Y-09-19 11:30:05:305 - [32minfo[39m : [32mAplicação está funcionando na porta: 3000[39m
24Y-09-19 11:30:08:308 - [32minfo[39m : [32mConectou ao banco de dados![39m
24Y-09-19 11:30:08:308 - [32minfo[39m : [32mAplicação está funcionando na porta: 3000[39m
24Y-09-19 11:30:10:3010 - [32minfo[39m : [32mConectou ao banco de dados![39m
24Y-09-19 11:30:10:3010 - [32minfo[39m : [32mAplicação está funcionando na porta: 3000[39m
24Y-09-19 11:30:13:3013 - [32minfo[39m : [32mConectou ao banco de dados![39m
24Y-09-19 11:30:13:3013 - [32minfo[39m : [32mAplicação está funcionando na porta: 3000[39m
24Y-09-19 11:30:21:3021 - [32minfo[39m : [32mConectou ao banco de dados![39m
24Y-09-19 11:30:21:3021 - [32minfo[39m : [32mAplicação está funcionando na porta: 3000[39m
24Y-09-19 11:31:08:318 - [32minfo[39m : [32mConectou ao banco de dados![39m
24Y-09-19 11:31:08:318 - [32minfo[39m : [32mAplicação está funcionando na porta: 3000[39m
24Y-09-19 11:32:11:3211 - [31merror[39m : [31mErro no sistema: Cast to ObjectId failed for value "6e9bdeed1727458614bba33" (type string) at path "_id" for model "Movie"[39m
24Y-09-19 11:32:11:3211 - [35mhttp[39m : [35mDELETE /api/movie/6e9bdeed1727458614bba33 500 39 - 11.547 ms[39m
[35m[39m
24Y-09-19 11:32:58:3258 - [35mhttp[39m : [35mGET /api/movie 200 678 - 45.181 ms[39m
[35m[39m
24Y-09-19 11:33:36:3336 - [32minfo[39m : [32mConectou ao banco de dados![39m
24Y-09-19 11:33:36:3336 - [32minfo[39m : [32mAplicação está funcionando na porta: 3000[39m
24Y-09-19 11:33:51:3351 - [32minfo[39m : [32mConectou ao banco de dados![39m
24Y-09-19 11:33:51:3351 - [32minfo[39m : [32mAplicação está funcionando na porta: 3000[39m
24Y-09-19 11:34:08:348 - [31merror[39m : [31mErro no sistema: Cast to ObjectId failed for value "6e9bdeed1727458614bba33" (type string) at path "_id" for model "Movie"[39m
24Y-09-19 11:34:08:348 - [35mhttp[39m : [35mDELETE /api/movie/6e9bdeed1727458614bba33 500 39 - 10.244 ms[39m
[35m[39m
24Y-09-19 11:34:10:3410 - [31merror[39m : [31mErro no sistema: Cast to ObjectId failed for value "6e9bdeed1727458614bba33" (type string) at path "_id" for model "Movie"[39m
24Y-09-19 11:34:10:3410 - [35mhttp[39m : [35mDELETE /api/movie/6e9bdeed1727458614bba33 500 39 - 3.000 ms[39m
[35m[39m
24Y-09-19 11:42:39:4239 - [35mhttp[39m : [35mDELETE /api/movie/66e9bdeed1727458614bba33 201 37 - 105.066 ms[39m
[35m[39m
24Y-09-19 11:42:47:4247 - [35mhttp[39m : [35mGET /api/movie 200 526 - 40.735 ms[39m
[35m[39m
24Y-09-19 11:44:41:4441 - [35mhttp[39m : [35mPOST /api/movie 201 378 - 63.015 ms[39m
[35m[39m
24Y-09-19 11:46:38:4638 - [32minfo[39m : [32mConectou ao banco de dados![39m
24Y-09-19 11:46:38:4638 - [32minfo[39m : [32mAplicação está funcionando na porta: 3000[39m
24Y-09-19 11:47:08:478 - [32minfo[39m : [32mConectou ao banco de dados![39m
24Y-09-19 11:47:08:478 - [32minfo[39m : [32mAplicação está funcionando na porta: 3000[39m
24Y-09-19 11:47:18:4718 - [32minfo[39m : [32mConectou ao banco de dados![39m
24Y-09-19 11:47:18:4718 - [32minfo[39m : [32mAplicação está funcionando na porta: 3000[39m
24Y-09-19 11:47:24:4724 - [32minfo[39m : [32mConectou ao banco de dados![39m
24Y-09-19 11:47:24:4724 - [32minfo[39m : [32mAplicação está funcionando na porta: 3000[39m
24Y-09-19 11:47:29:4729 - [32minfo[39m : [32mConectou ao banco de dados![39m
24Y-09-19 11:47:29:4729 - [32minfo[39m : [32mAplicação está funcionando na porta: 3000[39m
24Y-09-19 11:47:40:4740 - [32minfo[39m : [32mConectou ao banco de dados![39m
24Y-09-19 11:47:40:4740 - [32minfo[39m : [32mAplicação está funcionando na porta: 3000[39m
24Y-09-19 11:48:20:4820 - [32minfo[39m : [32mConectou ao banco de dados![39m
24Y-09-19 11:48:20:4820 - [32minfo[39m : [32mAplicação está funcionando na porta: 3000[39m
24Y-09-19 11:48:36:4836 - [32minfo[39m : [32mConectou ao banco de dados![39m
24Y-09-19 11:48:36:4836 - [32minfo[39m : [32mAplicação está funcionando na porta: 3000[39m
24Y-09-19 11:48:49:4849 - [32minfo[39m : [32mConectou ao banco de dados![39m
24Y-09-19 11:48:49:4849 - [32minfo[39m : [32mAplicação está funcionando na porta: 3000[39m
24Y-09-19 11:48:52:4852 - [32minfo[39m : [32mConectou ao banco de dados![39m
24Y-09-19 11:48:52:4852 - [32minfo[39m : [32mAplicação está funcionando na porta: 3000[39m
24Y-09-19 11:48:55:4855 - [32minfo[39m : [32mConectou ao banco de dados![39m
24Y-09-19 11:48:55:4855 - [32minfo[39m : [32mAplicação está funcionando na porta: 3000[39m
24Y-09-19 11:48:58:4858 - [32minfo[39m : [32mConectou ao banco de dados![39m
24Y-09-19 11:48:58:4858 - [32minfo[39m : [32mAplicação está funcionando na porta: 3000[39m
24Y-09-19 11:48:59:4859 - [32minfo[39m : [32mConectou ao banco de dados![39m
24Y-09-19 11:48:59:4859 - [32minfo[39m : [32mAplicação está funcionando na porta: 3000[39m
24Y-09-19 11:49:03:493 - [32minfo[39m : [32mConectou ao banco de dados![39m
24Y-09-19 11:49:03:493 - [32minfo[39m : [32mAplicação está funcionando na porta: 3000[39m
24Y-09-19 11:49:10:4910 - [32minfo[39m : [32mConectou ao banco de dados![39m
24Y-09-19 11:49:10:4910 - [32minfo[39m : [32mAplicação está funcionando na porta: 3000[39m
24Y-09-19 11:49:20:4920 - [32minfo[39m : [32mConectou ao banco de dados![39m
24Y-09-19 11:49:20:4920 - [32minfo[39m : [32mAplicação está funcionando na porta: 3000[39m
24Y-09-19 11:49:27:4927 - [32minfo[39m : [32mConectou ao banco de dados![39m
24Y-09-19 11:49:27:4927 - [32minfo[39m : [32mAplicação está funcionando na porta: 3000[39m
24Y-09-19 11:49:30:4930 - [32minfo[39m : [32mConectou ao banco de dados![39m
24Y-09-19 11:49:30:4930 - [32minfo[39m : [32mAplicação está funcionando na porta: 3000[39m
24Y-09-19 11:49:38:4938 - [32minfo[39m : [32mConectou ao banco de dados![39m
24Y-09-19 11:49:38:4938 - [32minfo[39m : [32mAplicação está funcionando na porta: 3000[39m
24Y-09-19 11:49:41:4941 - [32minfo[39m : [32mConectou ao banco de dados![39m
24Y-09-19 11:49:41:4941 - [32minfo[39m : [32mAplicação está funcionando na porta: 3000[39m
24Y-09-19 11:49:46:4946 - [32minfo[39m : [32mConectou ao banco de dados![39m
24Y-09-19 11:49:46:4946 - [32minfo[39m : [32mAplicação está funcionando na porta: 3000[39m
24Y-09-19 11:49:52:4952 - [32minfo[39m : [32mConectou ao banco de dados![39m
24Y-09-19 11:49:52:4952 - [32minfo[39m : [32mAplicação está funcionando na porta: 3000[39m
24Y-09-19 11:49:55:4955 - [32minfo[39m : [32mConectou ao banco de dados![39m
24Y-09-19 11:49:55:4955 - [32minfo[39m : [32mAplicação está funcionando na porta: 3000[39m
24Y-09-19 11:49:58:4958 - [32minfo[39m : [32mConectou ao banco de dados![39m
24Y-09-19 11:49:58:4958 - [32minfo[39m : [32mAplicação está funcionando na porta: 3000[39m
24Y-09-19 11:50:04:504 - [32minfo[39m : [32mConectou ao banco de dados![39m
24Y-09-19 11:50:04:504 - [32minfo[39m : [32mAplicação está funcionando na porta: 3000[39m
24Y-09-19 14:19:08:198 - [32minfo[39m : [32mConectou ao banco de dados![39m
24Y-09-19 14:19:08:198 - [32minfo[39m : [32mAplicação está funcionando na porta: 3000[39m
24Y-09-19 14:19:21:1921 - [32minfo[39m : [32mConectou ao banco de dados![39m
24Y-09-19 14:19:21:1921 - [32minfo[39m : [32mAplicação está funcionando na porta: 3000[39m
24Y-09-19 14:19:39:1939 - [32minfo[39m : [32mConectou ao banco de dados![39m
24Y-09-19 14:19:39:1939 - [32minfo[39m : [32mAplicação está funcionando na porta: 3000[39m
24Y-09-19 14:21:05:215 - [35mhttp[39m : [35mGET /api/movie 200 905 - 70.171 ms[39m
[35m[39m
24Y-09-19 14:23:35:2335 - [35mhttp[39m : [35mPATCH /api/movie/66ec38d9db6db5c9cf7772a7 404 31 - 34.115 ms[39m
[35m[39m
24Y-09-19 14:24:00:240 - [32minfo[39m : [32mConectou ao banco de dados![39m
24Y-09-19 14:24:00:240 - [32minfo[39m : [32mAplicação está funcionando na porta: 3000[39m
24Y-09-19 14:24:08:248 - [32minfo[39m : [32mConectou ao banco de dados![39m
24Y-09-19 14:24:08:248 - [32minfo[39m : [32mAplicação está funcionando na porta: 3000[39m
24Y-09-19 14:24:11:2411 - [32minfo[39m : [32mConectou ao banco de dados![39m
24Y-09-19 14:24:12:2412 - [32minfo[39m : [32mAplicação está funcionando na porta: 3000[39m
24Y-09-19 14:24:18:2418 - [32minfo[39m : [32mConectou ao banco de dados![39m
24Y-09-19 14:24:18:2418 - [32minfo[39m : [32mAplicação está funcionando na porta: 3000[39m
24Y-09-19 14:24:22:2422 - [32minfo[39m : [32mConectou ao banco de dados![39m
24Y-09-19 14:24:22:2422 - [32minfo[39m : [32mAplicação está funcionando na porta: 3000[39m
24Y-09-19 14:24:25:2425 - [32minfo[39m : [32mConectou ao banco de dados![39m
24Y-09-19 14:24:25:2425 - [32minfo[39m : [32mAplicação está funcionando na porta: 3000[39m
24Y-09-19 14:25:42:2542 - [32minfo[39m : [32mConectou ao banco de dados![39m
24Y-09-19 14:25:42:2542 - [32minfo[39m : [32mAplicação está funcionando na porta: 3000[39m
24Y-09-19 14:25:47:2547 - [32minfo[39m : [32mConectou ao banco de dados![39m
24Y-09-19 14:25:47:2547 - [32minfo[39m : [32mAplicação está funcionando na porta: 3000[39m
24Y-09-19 14:25:50:2550 - [32minfo[39m : [32mConectou ao banco de dados![39m
24Y-09-19 14:25:50:2550 - [32minfo[39m : [32mAplicação está funcionando na porta: 3000[39m
24Y-09-19 14:25:54:2554 - [32minfo[39m : [32mConectou ao banco de dados![39m
24Y-09-19 14:25:54:2554 - [32minfo[39m : [32mAplicação está funcionando na porta: 3000[39m
24Y-09-19 14:26:07:267 - [32minfo[39m : [32mConectou ao banco de dados![39m
24Y-09-19 14:26:07:267 - [32minfo[39m : [32mAplicação está funcionando na porta: 3000[39m
24Y-09-19 14:26:20:2620 - [32minfo[39m : [32mConectou ao banco de dados![39m
24Y-09-19 14:26:20:2620 - [32minfo[39m : [32mAplicação está funcionando na porta: 3000[39m
24Y-09-19 14:26:22:2622 - [32minfo[39m : [32mConectou ao banco de dados![39m
24Y-09-19 14:26:22:2622 - [32minfo[39m : [32mAplicação está funcionando na porta: 3000[39m
24Y-09-19 14:26:26:2626 - [32minfo[39m : [32mConectou ao banco de dados![39m
24Y-09-19 14:26:26:2626 - [32minfo[39m : [32mAplicação está funcionando na porta: 3000[39m
24Y-09-19 14:26:31:2631 - [32minfo[39m : [32mConectou ao banco de dados![39m
24Y-09-19 14:26:31:2631 - [32minfo[39m : [32mAplicação está funcionando na porta: 3000[39m
24Y-09-19 14:26:40:2640 - [32minfo[39m : [32mConectou ao banco de dados![39m
24Y-09-19 14:26:40:2640 - [32minfo[39m : [32mAplicação está funcionando na porta: 3000[39m
24Y-09-19 14:26:44:2644 - [32minfo[39m : [32mConectou ao banco de dados![39m
24Y-09-19 14:26:44:2644 - [32minfo[39m : [32mAplicação está funcionando na porta: 3000[39m
24Y-09-19 14:26:50:2650 - [32minfo[39m : [32mConectou ao banco de dados![39m
24Y-09-19 14:26:50:2650 - [32minfo[39m : [32mAplicação está funcionando na porta: 3000[39m
24Y-09-19 14:26:52:2652 - [32minfo[39m : [32mConectou ao banco de dados![39m
24Y-09-19 14:26:52:2652 - [32minfo[39m : [32mAplicação está funcionando na porta: 3000[39m
24Y-09-19 14:26:55:2655 - [32minfo[39m : [32mConectou ao banco de dados![39m
24Y-09-19 14:26:55:2655 - [32minfo[39m : [32mAplicação está funcionando na porta: 3000[39m
24Y-09-19 14:27:21:2721 - [32minfo[39m : [32mConectou ao banco de dados![39m
24Y-09-19 14:27:21:2721 - [32minfo[39m : [32mAplicação está funcionando na porta: 3000[39m
24Y-09-19 14:27:33:2733 - [32minfo[39m : [32mConectou ao banco de dados![39m
24Y-09-19 14:27:33:2733 - [32minfo[39m : [32mAplicação está funcionando na porta: 3000[39m
24Y-09-19 14:27:51:2751 - [32minfo[39m : [32mConectou ao banco de dados![39m
24Y-09-19 14:27:51:2751 - [32minfo[39m : [32mAplicação está funcionando na porta: 3000[39m
24Y-09-19 14:30:51:3051 - [35mhttp[39m : [35mPATCH /api/movie/66ec38d9db6db5c9cf7772a6 200 274 - 92.245 ms[39m
[35m[39m
24Y-09-19 14:31:00:310 - [35mhttp[39m : [35mGET /api/movie/66ec38d9db6db5c9cf7772a6 200 393 - 32.503 ms[39m
[35m[39m
24Y-09-19 14:31:12:3112 - [35mhttp[39m : [35mGET /api/movie/66ec38d9db6db5c9cf7772a6 200 393 - 36.381 ms[39m
[35m[39m
24Y-09-19 14:31:40:3140 - [35mhttp[39m : [35mGET /api/movie 200 920 - 36.049 ms[39m
[35m[39m
24Y-09-19 14:32:48:3248 - [32minfo[39m : [32mConectou ao banco de dados![39m
24Y-09-19 14:32:48:3248 - [32minfo[39m : [32mAplicação está funcionando na porta: 3000[39m
24Y-09-19 14:32:53:3253 - [32minfo[39m : [32mConectou ao banco de dados![39m
24Y-09-19 14:32:53:3253 - [32minfo[39m : [32mAplicação está funcionando na porta: 3000[39m
24Y-09-19 14:34:08:348 - [35mhttp[39m : [35mPATCH /api/movie/66ec38d9db6db5c9cf7772a6 422 71 - 15.616 ms[39m
[35m[39m
24Y-09-19 14:34:20:3420 - [35mhttp[39m : [35mPATCH /api/movie/66ec38d9db6db5c9cf7772a6 200 272 - 102.483 ms[39m
[35m[39m
